[19:21:21] [ServerMain/INFO]: Environment: Environment[sessionHost=https://sessionserver.mojang.com, servicesHost=https://api.minecraftservices.com, name=PROD]
[19:21:23] [ServerMain/INFO]: Loaded 7 recipes
[19:21:23] [ServerMain/INFO]: Loaded 1271 advancements
[19:21:23] [Server thread/INFO]: Starting minecraft server version 1.20.4
[19:21:23] [Server thread/INFO]: Loading properties
[19:21:23] [Server thread/INFO]: Default game type: SURVIVAL
[19:21:23] [Server thread/INFO]: Generating keypair
[19:21:23] [Server thread/INFO]: Starting Minecraft server on *:25565
[19:21:24] [Server thread/INFO]: Using epoll channel type
[19:21:24] [Server thread/INFO]: Preparing level "world"
[19:21:26] [Server thread/INFO]: Preparing start region for dimension minecraft:overworld
[19:21:29] [Worker-Main-1/INFO]: Preparing spawn area: 0%
[19:21:29] [Worker-Main-2/INFO]: Preparing spawn area: 0%
[19:21:29] [Worker-Main-1/INFO]: Preparing spawn area: 0%
[19:21:29] [Worker-Main-3/INFO]: Preparing spawn area: 0%
[19:21:30] [Worker-Main-3/INFO]: Preparing spawn area: 0%
[19:21:30] [Worker-Main-2/INFO]: Preparing spawn area: 0%
[19:21:30] [Worker-Main-3/INFO]: Preparing spawn area: 0%
[19:21:30] [Worker-Main-2/INFO]: Preparing spawn area: 0%
[19:21:30] [Worker-Main-3/INFO]: Preparing spawn area: 0%
[19:21:31] [Worker-Main-3/INFO]: Preparing spawn area: 0%
[19:21:31] [Worker-Main-3/INFO]: Preparing spawn area: 10%
[19:21:32] [Worker-Main-3/INFO]: Preparing spawn area: 70%
[19:21:32] [Server thread/INFO]: Time elapsed: 5786 ms
[19:21:32] [Server thread/INFO]: Done (8.456s)! For help, type "help"
